This is pdfTeX, Version 3.141592653-2.6-1.40.28 (TeX Live 2025) (preloaded format=pdflatex 2025.7.30)  30 JUL 2025 05:27
entering extended mode
 restricted \write18 enabled.
 %&-line parsing enabled.
**my_blogdown_book.tex
(./my_blogdown_book.tex
LaTeX2e <2025-06-01> patch level 1
L3 programming layer <2025-07-19>
(./krantz.cls
Document Class: krantz 2005/09/16 v1.4f Standard LaTeX document class
(/Users/fcollin/Library/TinyTeX/texmf-dist/tex/latex/base/bk12.clo
File: bk12.clo 2025/01/22 v1.4n Standard LaTeX file (size option)
)
\trimheight=\dimen148
\trimwidth=\dimen149
\normaltextheight=\dimen150
\tempa=\dimen151
\tempdimen=\dimen152
\htrim=\dimen153
\vtrimtop=\dimen154
\vtrimbot=\dimen155
\ul@box=\box53
\ur@box=\box54
\ll@box=\box55
\lr@box=\box56
\@cipboxa=\box57
\@cipboxb=\box58
\@ciprulewidth=\dimen156
\c@part=\count275
\c@chapter=\count276
\c@section=\count277
\c@subsection=\count278
\c@subsubsection=\count279
\c@paragraph=\count280
\c@subparagraph=\count281
\secwd=\dimen157
\subsecwd=\dimen158
\subsubsecwd=\dimen159
\c@figure=\count282
\c@table=\count283
\abovecaptionskip=\skip49
\belowcaptionskip=\skip50
\c@numauthors=\count284
\section@toc@skip=\skip51
\SectionTOCWidth=\skip52
\subsection@toc@skip=\skip53
\SubSectionTOCWidth=\skip54
\subsubsection@toc@skip=\skip55
\SubSubSectionTOCWidth=\skip56
\paragraph@toc@skip=\skip57
\ParagraphTOCWidth=\skip58
\subparagraph@toc@skip=\skip59
\@AUonebox=\box59
\@AUtwobox=\box60
\@AUthreebox=\box61
\@AUfourbox=\box62
\@AUaffonebox=\box63
\@AUafftwobox=\box64
\@AUaffthreebox=\box65
\@AUafffourbox=\box66
\@finalAUboxfromone=\box67
\@finalAUboxfromtwo=\box68
\@finalAUboxfromthree=\box69
\@finalAUboxfromfour=\box70
\c@chaptocdepth=\count285
\bibindent=\dimen160
\tempbox=\box71
\nomenwidth=\dimen161
\@tablebox=\box72
\@tabletitlebox=\box73
\@tablewidth=\dimen162
\@tabletitlewidth=\dimen163
\max@tablewidth=\dimen164
\tempbox=\box74
\tempdimen=\dimen165
\tempbox=\box75
\notewidth=\dimen166
\wherebox=\box76
\wherewidth=\dimen167
\listtextleftmargin=\skip60
\listtextleftmarginii=\skip61
\listtextleftmarginiii=\skip62
\listtextrightmargin=\skip63
\listlabelleftskip=\skip64
\listlabelleftskipii=\skip65
\listlabelleftskipiii=\skip66
\abovelistskipi=\skip67
\belowlistskipi=\skip68
\abovelistskipii=\skip69
\belowlistskipii=\skip70
\abovelistskipiii=\skip71
\belowlistskipiii=\skip72
\labelsepi=\skip73
\labelsepii=\skip74
\labelsepiii=\skip75
\itemsepi=\skip76
\itemsepii=\skip77
\itemsepiii=\skip78
\enumdimwd=\dimen168
\enumdim=\dimen169
\concolwidth=\dimen170
\stempbox=\box77
) (/Users/fcollin/Library/TinyTeX/texmf-dist/tex/latex/xcolor/xcolor.sty
Package: xcolor 2024/09/29 v3.02 LaTeX color extensions (UK)
(/Users/fcollin/Library/TinyTeX/texmf-dist/tex/latex/graphics-cfg/color.cfg
File: color.cfg 2016/01/02 v1.6 sample color configuration
)
Package xcolor Info: Driver file: pdftex.def on input line 274.
(/Users/fcollin/Library/TinyTeX/texmf-dist/tex/latex/graphics-def/pdftex.def
File: pdftex.def 2024/04/13 v1.2c Graphics/color driver for pdftex
) (/Users/fcollin/Library/TinyTeX/texmf-dist/tex/latex/graphics/mathcolor.ltx)
Package xcolor Info: Model `cmy' substituted by `cmy0' on input line 1349.
Package xcolor Info: Model `hsb' substituted by `rgb' on input line 1353.
Package xcolor Info: Model `RGB' extended on input line 1365.
Package xcolor Info: Model `HTML' substituted by `rgb' on input line 1367.
Package xcolor Info: Model `Hsb' substituted by `hsb' on input line 1368.
Package xcolor Info: Model `tHsb' substituted by `hsb' on input line 1369.
Package xcolor Info: Model `HSB' substituted by `hsb' on input line 1370.
Package xcolor Info: Model `Gray' substituted by `gray' on input line 1371.
Package xcolor Info: Model `wave' substituted by `hsb' on input line 1372.
) (/Users/fcollin/Library/TinyTeX/texmf-dist/tex/latex/graphics/dvipsnam.def
File: dvipsnam.def 2016/06/17 v3.0m Driver-dependent file (DPC,SPQR)
) (/Users/fcollin/Library/TinyTeX/texmf-dist/tex/latex/xcolor/svgnam.def
File: svgnam.def 2024/09/29 v3.02 Predefined colors according to SVG 1.1 (UK)
) (/Users/fcollin/Library/TinyTeX/texmf-dist/tex/latex/xcolor/x11nam.def
File: x11nam.def 2024/09/29 v3.02 Predefined colors according to Unix/X11 (UK)
) (/Users/fcollin/Library/TinyTeX/texmf-dist/tex/latex/amsmath/amsmath.sty
Package: amsmath 2025/06/16 v2.17y AMS math features
\@mathmargin=\skip79
For additional information on amsmath, use the `?' option.
(/Users/fcollin/Library/TinyTeX/texmf-dist/tex/latex/amsmath/amstext.sty
Package: amstext 2024/11/17 v2.01 AMS text
(/Users/fcollin/Library/TinyTeX/texmf-dist/tex/latex/amsmath/amsgen.sty
File: amsgen.sty 1999/11/30 v2.0 generic functions
\@emptytoks=\toks17
\ex@=\dimen171
)) (/Users/fcollin/Library/TinyTeX/texmf-dist/tex/latex/amsmath/amsbsy.sty
Package: amsbsy 1999/11/29 v1.2d Bold Symbols
\pmbraise@=\dimen172
) (/Users/fcollin/Library/TinyTeX/texmf-dist/tex/latex/amsmath/amsopn.sty
Package: amsopn 2022/04/08 v2.04 operator names
)
\inf@bad=\count286
LaTeX Info: Redefining \frac on input line 233.
\uproot@=\count287
\leftroot@=\count288
LaTeX Info: Redefining \overline on input line 398.
LaTeX Info: Redefining \colon on input line 409.
\classnum@=\count289
\DOTSCASE@=\count290
LaTeX Info: Redefining \ldots on input line 495.
LaTeX Info: Redefining \dots on input line 498.
LaTeX Info: Redefining \cdots on input line 619.
\Mathstrutbox@=\box78
\strutbox@=\box79
LaTeX Info: Redefining \big on input line 721.
LaTeX Info: Redefining \Big on input line 722.
LaTeX Info: Redefining \bigg on input line 723.
LaTeX Info: Redefining \Bigg on input line 724.
\big@size=\dimen173
LaTeX Font Info:    Redeclaring font encoding OML on input line 742.
LaTeX Font Info:    Redeclaring font encoding OMS on input line 743.
\macc@depth=\count291
LaTeX Info: Redefining \bmod on input line 904.
LaTeX Info: Redefining \pmod on input line 909.
LaTeX Info: Redefining \smash on input line 939.
LaTeX Info: Redefining \relbar on input line 969.
LaTeX Info: Redefining \Relbar on input line 970.
\c@MaxMatrixCols=\count292
\dotsspace@=\muskip17
\c@parentequation=\count293
\dspbrk@lvl=\count294
\tag@help=\toks18
\row@=\count295
\column@=\count296
\maxfields@=\count297
\andhelp@=\toks19
\eqnshift@=\dimen174
\alignsep@=\dimen175
\tagshift@=\dimen176
\tagwidth@=\dimen177
\totwidth@=\dimen178
\lineht@=\dimen179
\@envbody=\toks20
\multlinegap=\skip80
\multlinetaggap=\skip81
\mathdisplay@stack=\toks21
LaTeX Info: Redefining \[ on input line 2949.
LaTeX Info: Redefining \] on input line 2950.
) (/Users/fcollin/Library/TinyTeX/texmf-dist/tex/latex/amsfonts/amssymb.sty
Package: amssymb 2013/01/14 v3.01 AMS font symbols
(/Users/fcollin/Library/TinyTeX/texmf-dist/tex/latex/amsfonts/amsfonts.sty
Package: amsfonts 2013/01/14 v3.01 Basic AMSFonts support
\symAMSa=\mathgroup4
\symAMSb=\mathgroup5
LaTeX Font Info:    Redeclaring math symbol \hbar on input line 98.
LaTeX Font Info:    Overwriting math alphabet `\mathfrak' in version `bold'
(Font)                  U/euf/m/n --> U/euf/b/n on input line 106.
)) (/Users/fcollin/Library/TinyTeX/texmf-dist/tex/generic/iftex/iftex.sty
Package: iftex 2024/12/12 v1.0g TeX engine tests
) (/Users/fcollin/Library/TinyTeX/texmf-dist/tex/latex/base/fontenc.sty
Package: fontenc 2024/12/21 v2.1c Standard LaTeX package
) (/Users/fcollin/Library/TinyTeX/texmf-dist/tex/latex/base/inputenc.sty
Package: inputenc 2024/02/08 v1.3d Input encoding file
\inpenc@prehook=\toks22
\inpenc@posthook=\toks23
) (/Users/fcollin/Library/TinyTeX/texmf-dist/tex/latex/base/textcomp.sty
Package: textcomp 2024/04/24 v2.1b Standard LaTeX package
) (/Users/fcollin/Library/TinyTeX/texmf-dist/tex/latex/lm/lmodern.sty
Package: lmodern 2015/05/01 v1.6.1 Latin Modern Fonts
LaTeX Font Info:    Overwriting symbol font `operators' in version `normal'
(Font)                  OT1/cmr/m/n --> OT1/lmr/m/n on input line 22.
LaTeX Font Info:    Overwriting symbol font `letters' in version `normal'
(Font)                  OML/cmm/m/it --> OML/lmm/m/it on input line 23.
LaTeX Font Info:    Overwriting symbol font `symbols' in version `normal'
(Font)                  OMS/cmsy/m/n --> OMS/lmsy/m/n on input line 24.
LaTeX Font Info:    Overwriting symbol font `largesymbols' in version `normal'
(Font)                  OMX/cmex/m/n --> OMX/lmex/m/n on input line 25.
LaTeX Font Info:    Overwriting symbol font `operators' in version `bold'
(Font)                  OT1/cmr/bx/n --> OT1/lmr/bx/n on input line 26.
LaTeX Font Info:    Overwriting symbol font `letters' in version `bold'
(Font)                  OML/cmm/b/it --> OML/lmm/b/it on input line 27.
LaTeX Font Info:    Overwriting symbol font `symbols' in version `bold'
(Font)                  OMS/cmsy/b/n --> OMS/lmsy/b/n on input line 28.
LaTeX Font Info:    Overwriting symbol font `largesymbols' in version `bold'
(Font)                  OMX/cmex/m/n --> OMX/lmex/m/n on input line 29.
LaTeX Font Info:    Overwriting math alphabet `\mathbf' in version `normal'
(Font)                  OT1/cmr/bx/n --> OT1/lmr/bx/n on input line 31.
LaTeX Font Info:    Overwriting math alphabet `\mathsf' in version `normal'
(Font)                  OT1/cmss/m/n --> OT1/lmss/m/n on input line 32.
LaTeX Font Info:    Overwriting math alphabet `\mathit' in version `normal'
(Font)                  OT1/cmr/m/it --> OT1/lmr/m/it on input line 33.
LaTeX Font Info:    Overwriting math alphabet `\mathtt' in version `normal'
(Font)                  OT1/cmtt/m/n --> OT1/lmtt/m/n on input line 34.
LaTeX Font Info:    Overwriting math alphabet `\mathbf' in version `bold'
(Font)                  OT1/cmr/bx/n --> OT1/lmr/bx/n on input line 35.
LaTeX Font Info:    Overwriting math alphabet `\mathsf' in version `bold'
(Font)                  OT1/cmss/bx/n --> OT1/lmss/bx/n on input line 36.
LaTeX Font Info:    Overwriting math alphabet `\mathit' in version `bold'
(Font)                  OT1/cmr/bx/it --> OT1/lmr/bx/it on input line 37.
LaTeX Font Info:    Overwriting math alphabet `\mathtt' in version `bold'
(Font)                  OT1/cmtt/m/n --> OT1/lmtt/m/n on input line 38.
) (/Users/fcollin/Library/TinyTeX/texmf-dist/tex/latex/fancyvrb/fancyvrb.sty
Package: fancyvrb 2025/07/28 4.6 verbatim text (tvz,hv)
(/Users/fcollin/Library/TinyTeX/texmf-dist/tex/latex/graphics/keyval.sty
Package: keyval 2022/05/29 v1.15 key=value parser (DPC)
\KV@toks@=\toks24
)
\FV@CodeLineNo=\count298
\FV@InFile=\read2
\FV@TabBox=\box80
\c@FancyVerbLine=\count299
\FV@StepNumber=\count300
\FV@OutFile=\write3
) (/Users/fcollin/Library/TinyTeX/texmf-dist/tex/latex/framed/framed.sty
Package: framed 2011/10/22 v 0.96: framed or shaded text with page breaks
\OuterFrameSep=\skip82
\fb@frw=\dimen180
\fb@frh=\dimen181
\FrameRule=\dimen182
\FrameSep=\dimen183
) (/Users/fcollin/Library/TinyTeX/texmf-dist/tex/latex/tools/longtable.sty
Package: longtable 2024-12-18 v4.23 Multi-page Table package (DPC)
\LTleft=\skip83
\LTright=\skip84
\LTpre=\skip85
\LTpost=\skip86
\LTchunksize=\count301
\LTcapwidth=\dimen184
\LT@head=\box81
\LT@firsthead=\box82
\LT@foot=\box83
\LT@lastfoot=\box84
\LT@gbox=\box85
\LT@cols=\count302
\LT@rows=\count303
\c@LT@tables=\count304
\c@LT@chunks=\count305
\LT@p@ftn=\toks25
) (/Users/fcollin/Library/TinyTeX/texmf-dist/tex/latex/booktabs/booktabs.sty
Package: booktabs 2020/01/12 v1.61803398 Publication quality tables
\heavyrulewidth=\dimen185
\lightrulewidth=\dimen186
\cmidrulewidth=\dimen187
\belowrulesep=\dimen188
\belowbottomsep=\dimen189
\aboverulesep=\dimen190
\abovetopsep=\dimen191
\cmidrulesep=\dimen192
\cmidrulekern=\dimen193
\defaultaddspace=\dimen194
\@cmidla=\count306
\@cmidlb=\count307
\@aboverulesep=\dimen195
\@belowrulesep=\dimen196
\@thisruleclass=\count308
\@lastruleclass=\count309
\@thisrulewidth=\dimen197
) (/Users/fcollin/Library/TinyTeX/texmf-dist/tex/latex/tools/array.sty
Package: array 2025/06/08 v2.6j Tabular extension package (FMi)
\col@sep=\dimen198
\ar@mcellbox=\box86
\extrarowheight=\dimen199
\NC@list=\toks26
\extratabsurround=\skip87
\backup@length=\skip88
\ar@cellbox=\box87
) (/Users/fcollin/Library/TinyTeX/texmf-dist/tex/latex/tools/calc.sty
Package: calc 2025/03/01 v4.3b Infix arithmetic (KKT,FJ)
\calc@Acount=\count310
\calc@Bcount=\count311
\calc@Adimen=\dimen256
\calc@Bdimen=\dimen257
\calc@Askip=\skip89
\calc@Bskip=\skip90
LaTeX Info: Redefining \setlength on input line 86.
LaTeX Info: Redefining \addtolength on input line 87.
\calc@Ccount=\count312
\calc@Cskip=\skip91
) (/Users/fcollin/Library/TinyTeX/texmf-dist/tex/latex/etoolbox/etoolbox.sty
Package: etoolbox 2025/02/11 v2.5l e-TeX tools for LaTeX (JAW)
\etb@tempcnta=\count313
) (/Users/fcollin/Library/TinyTeX/texmf-dist/tex/latex/mdwtools/footnote.sty
Package: footnote 1997/01/28 1.13 Save footnotes around boxes
\fn@notes=\box88
\fn@width=\dimen258
) (/Users/fcollin/Library/TinyTeX/texmf-dist/tex/latex/graphics/graphicx.sty
Package: graphicx 2024/12/31 v1.2e Enhanced LaTeX Graphics (DPC,SPQR)
(/Users/fcollin/Library/TinyTeX/texmf-dist/tex/latex/graphics/graphics.sty
Package: graphics 2024/08/06 v1.4g Standard LaTeX Graphics (DPC,SPQR)
(/Users/fcollin/Library/TinyTeX/texmf-dist/tex/latex/graphics/trig.sty
Package: trig 2023/12/02 v1.11 sin cos tan (DPC)
) (/Users/fcollin/Library/TinyTeX/texmf-dist/tex/latex/graphics-cfg/graphics.cfg
File: graphics.cfg 2016/06/04 v1.11 sample graphics configuration
)
Package graphics Info: Driver file: pdftex.def on input line 106.
)
\Gin@req@height=\dimen259
\Gin@req@width=\dimen260
)
\pandoc@box=\box89
(/Users/fcollin/Library/TinyTeX/texmf-dist/tex/generic/soul/soul.sty
Package: soul 2023-06-14 v3.1 Permit use of UTF-8 characters in soul (HO)
(/Users/fcollin/Library/TinyTeX/texmf-dist/tex/generic/soul/soul-ori.sty
Package: soul-ori 2023-06-14 v3.1 letterspacing/underlining (mf)
\SOUL@word=\toks27
\SOUL@lasttoken=\toks28
\SOUL@syllable=\toks29
\SOUL@cmds=\toks30
\SOUL@buffer=\toks31
\SOUL@token=\toks32
\SOUL@syllgoal=\dimen261
\SOUL@syllwidth=\dimen262
\SOUL@charkern=\dimen263
\SOUL@hyphkern=\dimen264
\SOUL@dimen=\dimen265
\SOUL@dimeni=\dimen266
\SOUL@minus=\count314
\SOUL@comma=\count315
\SOUL@apo=\count316
\SOUL@grave=\count317
\SOUL@spaceskip=\skip92
\SOUL@ttwidth=\dimen267
\SOUL@uldp=\dimen268
\SOUL@ulht=\dimen269
) (/Users/fcollin/Library/TinyTeX/texmf-dist/tex/generic/infwarerr/infwarerr.sty
Package: infwarerr 2019/12/03 v1.5 Providing info/warning/error messages (HO)
) (/Users/fcollin/Library/TinyTeX/texmf-dist/tex/generic/etexcmds/etexcmds.sty
Package: etexcmds 2019/12/15 v1.7 Avoid name clashes with e-TeX commands (HO)
))
\cslhangindent=\skip93
\csllabelwidth=\skip94
(/Users/fcollin/Library/TinyTeX/texmf-dist/tex/latex/bookmark/bookmark.sty
Package: bookmark 2023-12-10 v1.31 PDF bookmarks (HO)
(/Users/fcollin/Library/TinyTeX/texmf-dist/tex/latex/hyperref/hyperref.sty
Package: hyperref 2025-07-12 v7.01o Hypertext links for LaTeX
(/Users/fcollin/Library/TinyTeX/texmf-dist/tex/latex/kvsetkeys/kvsetkeys.sty
Package: kvsetkeys 2022-10-05 v1.19 Key value parser (HO)
) (/Users/fcollin/Library/TinyTeX/texmf-dist/tex/generic/kvdefinekeys/kvdefinekeys.sty
Package: kvdefinekeys 2019-12-19 v1.6 Define keys (HO)
) (/Users/fcollin/Library/TinyTeX/texmf-dist/tex/generic/pdfescape/pdfescape.sty
Package: pdfescape 2019/12/09 v1.15 Implements pdfTeX's escape features (HO)
(/Users/fcollin/Library/TinyTeX/texmf-dist/tex/generic/ltxcmds/ltxcmds.sty
Package: ltxcmds 2023-12-04 v1.26 LaTeX kernel commands for general use (HO)
) (/Users/fcollin/Library/TinyTeX/texmf-dist/tex/generic/pdftexcmds/pdftexcmds.sty
Package: pdftexcmds 2020-06-27 v0.33 Utility functions of pdfTeX for LuaTeX (HO)
Package pdftexcmds Info: \pdf@primitive is available.
Package pdftexcmds Info: \pdf@ifprimitive is available.
Package pdftexcmds Info: \pdfdraftmode found.
)) (/Users/fcollin/Library/TinyTeX/texmf-dist/tex/latex/hycolor/hycolor.sty
Package: hycolor 2020-01-27 v1.10 Color options for hyperref/bookmark (HO)
) (/Users/fcollin/Library/TinyTeX/texmf-dist/tex/latex/hyperref/nameref.sty
Package: nameref 2025-06-21 v2.57 Cross-referencing by name of section
(/Users/fcollin/Library/TinyTeX/texmf-dist/tex/latex/refcount/refcount.sty
Package: refcount 2019/12/15 v3.6 Data extraction from label references (HO)
) (/Users/fcollin/Library/TinyTeX/texmf-dist/tex/generic/gettitlestring/gettitlestring.sty
Package: gettitlestring 2019/12/15 v1.6 Cleanup title references (HO)
(/Users/fcollin/Library/TinyTeX/texmf-dist/tex/latex/kvoptions/kvoptions.sty
Package: kvoptions 2022-06-15 v3.15 Key value format for package options (HO)
))
\c@section@level=\count318
) (/Users/fcollin/Library/TinyTeX/texmf-dist/tex/generic/stringenc/stringenc.sty
Package: stringenc 2019/11/29 v1.12 Convert strings between diff. encodings (HO)
)
\@linkdim=\dimen270
\Hy@linkcounter=\count319
\Hy@pagecounter=\count320
(/Users/fcollin/Library/TinyTeX/texmf-dist/tex/latex/hyperref/pd1enc.def
File: pd1enc.def 2025-07-12 v7.01o Hyperref: PDFDocEncoding definition (HO)
Now handling font encoding PD1 ...
... no UTF-8 mapping file for font encoding PD1
) (/Users/fcollin/Library/TinyTeX/texmf-dist/tex/generic/intcalc/intcalc.sty
Package: intcalc 2019/12/15 v1.3 Expandable calculations with integers (HO)
)
\Hy@SavedSpaceFactor=\count321
(/Users/fcollin/Library/TinyTeX/texmf-dist/tex/latex/hyperref/puenc.def
File: puenc.def 2025-07-12 v7.01o Hyperref: PDF Unicode definition (HO)
Now handling font encoding PU ...
... no UTF-8 mapping file for font encoding PU
)
Package hyperref Info: Option `unicode' set `true' on input line 4066.
Package hyperref Info: Hyper figures OFF on input line 4195.
Package hyperref Info: Link nesting OFF on input line 4200.
Package hyperref Info: Hyper index ON on input line 4203.
Package hyperref Info: Plain pages OFF on input line 4210.
Package hyperref Info: Backreferencing OFF on input line 4215.
Package hyperref Info: Implicit mode ON; LaTeX internals redefined.
Package hyperref Info: Bookmarks ON on input line 4462.
\c@Hy@tempcnt=\count322
(/Users/fcollin/Library/TinyTeX/texmf-dist/tex/latex/url/url.sty
\Urlmuskip=\muskip18
Package: url 2013/09/16  ver 3.4  Verb mode for urls, etc.
)
LaTeX Info: Redefining \url on input line 4801.
\XeTeXLinkMargin=\dimen271
(/Users/fcollin/Library/TinyTeX/texmf-dist/tex/generic/bitset/bitset.sty
Package: bitset 2019/12/09 v1.3 Handle bit-vector datatype (HO)
(/Users/fcollin/Library/TinyTeX/texmf-dist/tex/generic/bigintcalc/bigintcalc.sty
Package: bigintcalc 2019/12/15 v1.5 Expandable calculations on big integers (HO)
))
\Fld@menulength=\count323
\Field@Width=\dimen272
\Fld@charsize=\dimen273
Package hyperref Info: Hyper figures OFF on input line 6078.
Package hyperref Info: Link nesting OFF on input line 6083.
Package hyperref Info: Hyper index ON on input line 6086.
Package hyperref Info: backreferencing OFF on input line 6093.
Package hyperref Info: Link coloring OFF on input line 6098.
Package hyperref Info: Link coloring with OCG OFF on input line 6103.
Package hyperref Info: PDF/A mode OFF on input line 6108.
\Hy@abspage=\count324
\c@Item=\count325
\c@Hfootnote=\count326
)
Package hyperref Info: Driver (autodetected): hpdftex.
(/Users/fcollin/Library/TinyTeX/texmf-dist/tex/latex/hyperref/hpdftex.def
File: hpdftex.def 2025-07-12 v7.01o Hyperref driver for pdfTeX
\Fld@listcount=\count327
\c@bookmark@seq@number=\count328
(/Users/fcollin/Library/TinyTeX/texmf-dist/tex/latex/rerunfilecheck/rerunfilecheck.sty
Package: rerunfilecheck 2025-06-21 v1.11 Rerun checks for auxiliary files (HO)
(/Users/fcollin/Library/TinyTeX/texmf-dist/tex/generic/uniquecounter/uniquecounter.sty
Package: uniquecounter 2019/12/15 v1.4 Provide unlimited unique counter (HO)
)
Package uniquecounter Info: New unique counter `rerunfilecheck' on input line 284.
)
\Hy@SectionHShift=\skip95
) (/Users/fcollin/Library/TinyTeX/texmf-dist/tex/latex/bookmark/bkm-pdftex.def
File: bkm-pdftex.def 2023-12-10 v1.31 bookmark driver for pdfTeX and luaTeX (HO)
\BKM@id=\count329
))
Package hyperref Info: Option `colorlinks' set `true' on input line 159.
LaTeX Font Info:    Trying to load font information for T1+lmr on input line 172.
(/Users/fcollin/Library/TinyTeX/texmf-dist/tex/latex/lm/t1lmr.fd
File: t1lmr.fd 2015/05/01 v1.6.1 Font defs for Latin Modern
) (/Users/fcollin/Library/TinyTeX/texmf-dist/tex/latex/l3backend/l3backend-pdftex.def
File: l3backend-pdftex.def 2025-06-09 L3 backend support: PDF output (pdfTeX)
\l__color_backend_stack_int=\count330
)
No file my_blogdown_book.aux.
\openout1 = `my_blogdown_book.aux'.

LaTeX Font Info:    Checking defaults for OML/cmm/m/it on input line 172.
LaTeX Font Info:    ... okay on input line 172.
LaTeX Font Info:    Checking defaults for OMS/cmsy/m/n on input line 172.
LaTeX Font Info:    ... okay on input line 172.
LaTeX Font Info:    Checking defaults for OT1/cmr/m/n on input line 172.
LaTeX Font Info:    ... okay on input line 172.
LaTeX Font Info:    Checking defaults for T1/cmr/m/n on input line 172.
LaTeX Font Info:    ... okay on input line 172.
LaTeX Font Info:    Checking defaults for TS1/cmr/m/n on input line 172.
LaTeX Font Info:    ... okay on input line 172.
LaTeX Font Info:    Checking defaults for OMX/cmex/m/n on input line 172.
LaTeX Font Info:    ... okay on input line 172.
LaTeX Font Info:    Checking defaults for U/cmr/m/n on input line 172.
LaTeX Font Info:    ... okay on input line 172.
LaTeX Font Info:    Checking defaults for PD1/pdf/m/n on input line 172.
LaTeX Font Info:    ... okay on input line 172.
LaTeX Font Info:    Checking defaults for PU/pdf/m/n on input line 172.
LaTeX Font Info:    ... okay on input line 172.
LaTeX Font Info:    Trying to load font information for TS1+lmr on input line 172.
(/Users/fcollin/Library/TinyTeX/texmf-dist/tex/latex/lm/ts1lmr.fd
File: ts1lmr.fd 2015/05/01 v1.6.1 Font defs for Latin Modern
) (/Users/fcollin/Library/TinyTeX/texmf-dist/tex/latex/epstopdf-pkg/epstopdf-base.sty
Package: epstopdf-base 2020-01-24 v2.11 Base part for package epstopdf
Package epstopdf-base Info: Redefining graphics rule for `.eps' on input line 485.
(/Users/fcollin/Library/TinyTeX/texmf-dist/tex/latex/latexconfig/epstopdf-sys.cfg
File: epstopdf-sys.cfg 2010/07/13 v1.3 Configuration of (r)epstopdf for TeX Live
))
Package hyperref Info: Link coloring ON on input line 172.



Underfull \vbox (badness 10000) has occurred while \output is active []


Overfull \hbox (336.25pt too wide) has occurred while \output is active
[]
 []


Underfull \vbox (badness 10000) has occurred while \output is active []


Overfull \hbox (336.25pt too wide) has occurred while \output is active
[]
 []


Underfull \vbox (badness 10000) has occurred while \output is active []


Overfull \hbox (336.25pt too wide) has occurred while \output is active
[]
 []


Underfull \vbox (badness 10000) has occurred while \output is active []


Overfull \hbox (336.25pt too wide) has occurred while \output is active
[]
 []


Underfull \hbox (badness 10000) has occurred while \output is active
 [][][][] 
 []

[1


{/Users/fcollin/Library/TinyTeX/texmf-var/fonts/map/pdftex/updmap/pdftex.map}{/Users/fcollin/Library/TinyTeX/texmf-dist/fonts/enc/dvips/lm/lm-ec.enc}]


Underfull \vbox (badness 10000) has occurred while \output is active []


Overfull \hbox (336.25pt too wide) has occurred while \output is active
[]
 []


Underfull \vbox (badness 10000) has occurred while \output is active []


Overfull \hbox (336.25pt too wide) has occurred while \output is active
[]
 []


Underfull \vbox (badness 10000) has occurred while \output is active []


Overfull \hbox (336.25pt too wide) has occurred while \output is active
[]
 []


Underfull \vbox (badness 10000) has occurred while \output is active []


Overfull \hbox (336.25pt too wide) has occurred while \output is active
[]
 []


Underfull \hbox (badness 10000) has occurred while \output is active
 [][][][] 
 []

[2

]
Underfull \vbox (badness 10000) detected at line 178
 []


Overfull \hbox (336.25pt too wide) detected at line 178
[]
 []


Underfull \vbox (badness 10000) detected at line 178
 []


Overfull \hbox (336.25pt too wide) detected at line 178
[]
 []


Underfull \vbox (badness 10000) detected at line 178
 []


Overfull \hbox (336.25pt too wide) detected at line 178
[]
 []


Underfull \vbox (badness 10000) detected at line 178
 []


Overfull \hbox (336.25pt too wide) detected at line 178
[]
 []


Underfull \hbox (badness 10000) detected at line 178
[]
 []

No file my_blogdown_book.toc.
\tf@toc=\write4
\openout4 = `my_blogdown_book.toc'.




Underfull \hbox (badness 10000) has occurred while \output is active
 [][][][] 
 []

[3]


Underfull \vbox (badness 10000) has occurred while \output is active []


Overfull \hbox (336.25pt too wide) has occurred while \output is active
[]
 []


Underfull \vbox (badness 10000) has occurred while \output is active []


Overfull \hbox (336.25pt too wide) has occurred while \output is active
[]
 []


Underfull \vbox (badness 10000) has occurred while \output is active []


Overfull \hbox (336.25pt too wide) has occurred while \output is active
[]
 []


Underfull \vbox (badness 10000) has occurred while \output is active []


Overfull \hbox (336.25pt too wide) has occurred while \output is active
[]
 []


Underfull \hbox (badness 10000) has occurred while \output is active
 [][][][] 
 []

[4

]
Underfull \vbox (badness 10000) detected at line 180
 []


Overfull \hbox (336.25pt too wide) detected at line 180
[]
 []


Underfull \vbox (badness 10000) detected at line 180
 []


Overfull \hbox (336.25pt too wide) detected at line 180
[]
 []


Underfull \vbox (badness 10000) detected at line 180
 []


Overfull \hbox (336.25pt too wide) detected at line 180
[]
 []


Underfull \vbox (badness 10000) detected at line 180
 []


Overfull \hbox (336.25pt too wide) detected at line 180
[]
 []


Underfull \hbox (badness 10000) detected at line 180
[]
 []


Package hyperref Warning: bookmark level for unknown fm defaults to 0.

No file my_blogdown_book.lof.
\tf@lof=\write5
\openout5 = `my_blogdown_book.lof'.




Underfull \hbox (badness 10000) has occurred while \output is active
 [][][][] 
 []

[5

]


Underfull \vbox (badness 10000) has occurred while \output is active []


Overfull \hbox (336.25pt too wide) has occurred while \output is active
[]
 []


Underfull \vbox (badness 10000) has occurred while \output is active []


Overfull \hbox (336.25pt too wide) has occurred while \output is active
[]
 []


Underfull \vbox (badness 10000) has occurred while \output is active []


Overfull \hbox (336.25pt too wide) has occurred while \output is active
[]
 []


Underfull \vbox (badness 10000) has occurred while \output is active []


Overfull \hbox (336.25pt too wide) has occurred while \output is active
[]
 []


Underfull \hbox (badness 10000) has occurred while \output is active
 [][][][] 
 []

[6

]
Underfull \vbox (badness 10000) detected at line 181
 []


Overfull \hbox (336.25pt too wide) detected at line 181
[]
 []


Underfull \vbox (badness 10000) detected at line 181
 []


Overfull \hbox (336.25pt too wide) detected at line 181
[]
 []


Underfull \vbox (badness 10000) detected at line 181
 []


Overfull \hbox (336.25pt too wide) detected at line 181
[]
 []


Underfull \vbox (badness 10000) detected at line 181
 []


Overfull \hbox (336.25pt too wide) detected at line 181
[]
 []


Underfull \hbox (badness 10000) detected at line 181
[]
 []

No file my_blogdown_book.lot.
\tf@lot=\write6
\openout6 = `my_blogdown_book.lot'.

LaTeX Font Info:    Trying to load font information for OT1+lmr on input line 185.
(/Users/fcollin/Library/TinyTeX/texmf-dist/tex/latex/lm/ot1lmr.fd
File: ot1lmr.fd 2015/05/01 v1.6.1 Font defs for Latin Modern
)
LaTeX Font Info:    Trying to load font information for OML+lmm on input line 185.
(/Users/fcollin/Library/TinyTeX/texmf-dist/tex/latex/lm/omllmm.fd
File: omllmm.fd 2015/05/01 v1.6.1 Font defs for Latin Modern
)
LaTeX Font Info:    Trying to load font information for OMS+lmsy on input line 185.
(/Users/fcollin/Library/TinyTeX/texmf-dist/tex/latex/lm/omslmsy.fd
File: omslmsy.fd 2015/05/01 v1.6.1 Font defs for Latin Modern
)
LaTeX Font Info:    Trying to load font information for OMX+lmex on input line 185.
(/Users/fcollin/Library/TinyTeX/texmf-dist/tex/latex/lm/omxlmex.fd
File: omxlmex.fd 2015/05/01 v1.6.1 Font defs for Latin Modern
)
LaTeX Font Info:    External font `lmex10' loaded for size
(Font)              <12> on input line 185.
LaTeX Font Info:    External font `lmex10' loaded for size
(Font)              <8> on input line 185.
LaTeX Font Info:    External font `lmex10' loaded for size
(Font)              <6> on input line 185.
LaTeX Font Info:    Trying to load font information for U+msa on input line 185.
(/Users/fcollin/Library/TinyTeX/texmf-dist/tex/latex/amsfonts/umsa.fd
File: umsa.fd 2013/01/14 v3.01 AMS symbols A
)
LaTeX Font Info:    Trying to load font information for U+msb on input line 185.
(/Users/fcollin/Library/TinyTeX/texmf-dist/tex/latex/amsfonts/umsb.fd
File: umsb.fd 2013/01/14 v3.01 AMS symbols B
)
LaTeX Font Info:    External font `lmex10' loaded for size
(Font)              <10> on input line 185.
LaTeX Font Info:    External font `lmex10' loaded for size
(Font)              <7> on input line 185.
LaTeX Font Info:    External font `lmex10' loaded for size
(Font)              <5> on input line 185.

Underfull \hbox (badness 10000) detected at line 198
 [][]
 []


Underfull \hbox (badness 10000) detected at line 198
[][][]
 []


LaTeX Warning: Reference `deployment' on page 7 undefined on input line 198.


LaTeX Warning: Reference `hugo' on page 7 undefined on input line 198.




Underfull \hbox (badness 10000) has occurred while \output is active
 [][][][] 
 []

[7

]
Underfull \hbox (badness 10000) detected at line 200
 [][]
 []


Underfull \hbox (badness 10000) detected at line 200
[][][]
 []


LaTeX Warning: Citation `ref-xie2016' on page 8 undefined on input line 200.



[8
Non-PDF special ignored!
<special> color cmyk 0 0 0 1.0
Non-PDF special ignored!
<special> color cmyk 0 0 0 1.0
]

LaTeX Warning: Reference `other-generators' on page 9 undefined on input line 205.


LaTeX Warning: Reference `get-started' on page 9 undefined on input line 212.


LaTeX Warning: Reference `netlify' on page 9 undefined on input line 212.


LaTeX Warning: Reference `hugo' on page 9 undefined on input line 214.


LaTeX Warning: Reference `templates' on page 9 undefined on input line 214.



[9]

LaTeX Warning: Reference `deployment' on page 10 undefined on input line 216.


LaTeX Warning: Reference `migration' on page 10 undefined on input line 216.


LaTeX Warning: Reference `other-generators' on page 10 undefined on input line 216.


LaTeX Warning: Reference `r-markdown' on page 10 undefined on input line 218.


LaTeX Warning: Reference `website-basics' on page 10 undefined on input line 218.


LaTeX Warning: Reference `domain-name' on page 10 undefined on input line 218.


LaTeX Warning: Reference `advanced-topics' on page 10 undefined on input line 218.

LaTeX Font Info:    Trying to load font information for T1+lmtt on input line 226.
(/Users/fcollin/Library/TinyTeX/texmf-dist/tex/latex/lm/t1lmtt.fd
File: t1lmtt.fd 2015/05/01 v1.6.1 Font defs for Latin Modern
)
LaTeX Font Info:    Font shape `T1/lmtt/bx/n' in size <12> not available
(Font)              Font shape `T1/lmtt/b/n' tried instead on input line 227.

Overfull \hbox (83.4002pt too wide) in paragraph at lines 253--253
[]\T1/lmtt/m/n/12 ## [1] en_US.UTF-8/en_US.UTF-8/en_US.UTF-8/C/en_US.UTF-8/en_US.UTF-8[] 
 []


Overfull \hbox (3.12517pt too wide) in paragraph at lines 253--253
[]\T1/lmtt/m/n/12 ## [1] stats     graphics  grDevices utils     datasets[] 
 []



[10]
LaTeX Font Info:    Trying to load font information for TS1+lmtt on input line 255.
(/Users/fcollin/Library/TinyTeX/texmf-dist/tex/latex/lm/ts1lmtt.fd
File: ts1lmtt.fd 2015/05/01 v1.6.1 Font defs for Latin Modern
)
Underfull \hbox (badness 1097) in paragraph at lines 257--258
\T1/lmr/m/n/12 means a di-rec-tory named \T1/lmtt/m/n/12 content \T1/lmr/m/n/12 in-stead of a file named
 []



[11{/Users/fcollin/Library/TinyTeX/texmf-dist/fonts/enc/dvips/lm/lm-ts1.enc}]
Underfull \hbox (badness 1264) in paragraph at lines 272--273
\T1/lmr/m/n/12 github . com / rstudio / blogdown / graphs / contributors$[][]. Many users
 []



[12]

LaTeX Warning: Reference `gitlab-pages' on page 13 undefined on input line 274.



[13]

[14]

[15]

[16]

LaTeX Warning: Citation `ref-R-base' on page 1 undefined on input line 340.




pdfTeX warning (ext4): destination with the same identifier (name{page.1}) has been already used, duplicate ignored
<to be read again> 
                   \relax 
l.363 \end{Shaded}
                   [1

]


pdfTeX warning (ext4): destination with the same identifier (name{page.2}) has been already used, duplicate ignored
<to be read again> 
                   \relax 
l.400 W
       e also assume that you have followed the installation instructions in... [2]

LaTeX Warning: Reference `installation' on page 3 undefined on input line 400.


LaTeX Warning: Reference `fig:new-project' on page 3 undefined on input line 404.


LaTeX Warning: Reference `fig:blogdown-project' on page 3 undefined on input line 404.

<images/new-project.png, id=162, 555.07375pt x 400.49625pt>
File: images/new-project.png Graphic file (type png)
<use images/new-project.png>
Package pdftex.def Info: images/new-project.png  used on input line 408.
(pdftex.def)             Requested size: 269.20102pt x 194.23433pt.
<images/blogdown-project.png, id=163, 803.0pt x 570.13pt>
File: images/blogdown-project.png Graphic file (type png)
<use images/blogdown-project.png>
Package pdftex.def Info: images/blogdown-project.png  used on input line 417.
(pdftex.def)             Requested size: 269.20102pt x 191.1361pt.

Underfull \hbox (badness 10000) detected at line 430
 [][]
 []


Underfull \hbox (badness 10000) detected at line 430
[][][]
 []


Underfull \hbox (badness 10000) detected at line 432
 [][]
 []


Underfull \hbox (badness 10000) detected at line 432
[][][]
 []


Underfull \hbox (badness 4072) in paragraph at lines 432--434
[]\T1/lmr/m/n/12 Downloads and in-stalls the de-fault theme (called
 []




pdfTeX warning (ext4): destination with the same identifier (name{page.3}) has been already used, duplicate ignored
<to be read again> 
                   \relax 
l.434   A
         dds a sample \texttt{.Rmd} post; [3 <./images/new-project.png>]
Underfull \hbox (badness 10000) detected at line 434
 [][]
 []


Underfull \hbox (badness 10000) detected at line 434
[][][]
 []


Underfull \hbox (badness 10000) detected at line 436
 [][]
 []


Underfull \hbox (badness 10000) detected at line 436
[][][]
 []


Underfull \hbox (badness 10000) detected at line 438
 [][]
 []


Underfull \hbox (badness 10000) detected at line 438
[][][]
 []




pdfTeX warning (ext4): destination with the same identifier (name{page.4}) has been already used, duplicate ignored
<to be read again> 
                   \relax 
l.462   \texttt
               {themes/}: Hugo theme assets like HTML layout files and CSS, ... [4
Non-PDF special ignored!
<special> color cmyk 0 0 0 1.0
Non-PDF special ignored!
<special> color cmyk 0 0 0 1.0
Non-PDF special ignored!
<special> color cmyk 0 0 0 1.0
Non-PDF special ignored!
<special> color cmyk 0 0 0 1.0
Non-PDF special ignored!
<special> color cmyk 0 0 0 1.0
 <./images/blogdown-project.png>]

LaTeX Warning: Reference `fig:addin-serve' on page 5 undefined on input line 471.

<images/addin-serve.png, id=187, 803.0pt x 233.87375pt>
File: images/addin-serve.png Graphic file (type png)
<use images/addin-serve.png>
Package pdftex.def Info: images/addin-serve.png  used on input line 475.
(pdftex.def)             Requested size: 269.20102pt x 78.40617pt.

LaTeX Warning: Reference `fig:serve-site' on page 5 undefined on input line 482.

<images/serve-site.png, id=188, 803.0pt x 518.93875pt>
File: images/serve-site.png Graphic file (type png)
<use images/serve-site.png>
Package pdftex.def Info: images/serve-site.png  used on input line 486.
(pdftex.def)             Requested size: 269.20102pt x 173.97423pt.

Underfull \hbox (badness 10000) detected at line 499
 [][]
 []


Underfull \hbox (badness 10000) detected at line 499
[][][]
 []


Underfull \hbox (badness 10000) detected at line 501
 [][]
 []


Underfull \hbox (badness 10000) detected at line 501
[][][]
 []


Underfull \hbox (badness 10000) in paragraph at lines 501--502
[]\T1/lmr/m/n/12 Knitted a sam-ple \T1/lmtt/m/n/12 .Rmd \T1/lmr/m/n/12 post to an \T1/lmtt/m/n/12 .html
 []


Underfull \hbox (badness 4595) in paragraph at lines 501--502
\T1/lmr/m/n/12 page. You can see this from the progress mes-
 []


Underfull \hbox (badness 10000) in paragraph at lines 501--502
\T1/lmr/m/n/12 sage that printed to your con-sole: \T1/lmtt/m/n/12 Rendering
 []


Overfull \hbox (4.60014pt too wide) in paragraph at lines 501--502
\T1/lmtt/m/n/12 content/post/2020-12-01-r-rmarkdown/index.Rmd...
 []


LaTeX Warning: Reference `fig:lithium' on page 5 undefined on input line 504.

<images/lithium-theme.png, id=189, 803.0pt x 682.55pt>
File: images/lithium-theme.png Graphic file (type png)
<use images/lithium-theme.png>
Package pdftex.def Info: images/lithium-theme.png  used on input line 508.
(pdftex.def)             Requested size: 302.84795pt x 257.42412pt.



pdfTeX warning (ext4): destination with the same identifier (name{page.5}) has been already used, duplicate ignored
<to be read again> 
                   \relax 
l.513 \end{figure}
                   [5
Non-PDF special ignored!
<special> color cmyk 0 0 0 1.0
Non-PDF special ignored!
<special> color cmyk 0 0 0 1.0
 <./images/addin-serve.png>]

LaTeX Warning: Reference `deployment' on page 6 undefined on input line 515.


Underfull \hbox (badness 3907) in paragraph at lines 519--520
\T1/lmr/m/n/12 Now let's see LiveReload \T1/lmr/m/it/12 in ac-tion\T1/lmr/m/n/12 . In your files pane,
 []


Underfull \hbox (badness 2318) in paragraph at lines 519--520
\T1/lmr/m/n/12 nav-i-gate in-side the \T1/lmtt/m/n/12 content/ \T1/lmr/m/n/12 folder. This folder is where
 []


Underfull \hbox (badness 10000) in paragraph at lines 519--520
\T1/lmr/m/n/12 all your site's con-tent lives. Find and open the file
 []


Underfull \hbox (badness 10000) in paragraph at lines 519--520
\T1/lmtt/m/n/12 content/post/2020-12-01-r-rmarkdown/index.Rmd\T1/lmr/m/n/12 . This
 []




pdfTeX warning (ext4): destination with the same identifier (name{page.6}) has been already used, duplicate ignored
<to be read again> 
                   \relax 
l.520 
       [6 <./images/serve-site.png>]


pdfTeX warning (ext4): destination with the same identifier (name{page.7}) has been already used, duplicate ignored
<to be read again> 
                   \relax 
l.520 
       [7 <./images/lithium-theme.png>]

! LaTeX Error: Unicode character ├ (U+251C)
               not set up for use with LaTeX.

See the LaTeX manual or LaTeX Companion for explanation.
Type  H <return>  for immediate help.
 ...                                              
                                                  
l.528 \NormalTok{├── post}
                                
You may provide a definition with
\DeclareUnicodeCharacter 

 
Here is how much of TeX's memory you used:
 12847 strings out of 469797
 197885 string characters out of 5481693
 631714 words of memory out of 5000000
 40953 multiletter control sequences out of 15000+600000
 701818 words of font info for 94 fonts, out of 8000000 for 9000
 14 hyphenation exceptions out of 8191
 89i,8n,93p,1175b,623s stack positions out of 10000i,1000n,20000p,200000b,200000s
!  ==> Fatal error occurred, no output PDF file produced!
